DEBUG:root:This is a debug log.
INFO:root:This is a info log.
WARNING:root:This is a warning log.
ERROR:root:This is a error log.
CRITICAL:root:This is a critical log.
DEBUG:root:This is a debug log.
INFO:root:This is a info log.
WARNING:root:This is a warning log.
ERROR:root:This is a error log.
CRITICAL:root:This is a critical log.
2018-04-20 21:10:49,149=====DEBUG++++++(message)s
2018-04-20 21:10:49,158=====INFO++++++(message)s
2018-04-20 21:10:49,158=====WARNING++++++(message)s
2018-04-20 21:10:49,158=====ERROR++++++(message)s
2018-04-20 21:10:49,158=====CRITICAL++++++(message)s
2018-04-20 21:10:49,158=====DEBUG++++++(message)s
2018-04-20 21:10:49,158=====INFO++++++(message)s
2018-04-20 21:10:49,163=====WARNING++++++(message)s
2018-04-20 21:10:49,163=====ERROR++++++(message)s
2018-04-20 21:10:49,163=====CRITICAL++++++(message)s
2018-04-20 21:12:19,492=====DEBUG++++++This is a debug log.
2018-04-20 21:12:19,513=====INFO++++++This is a info log.
2018-04-20 21:12:19,513=====WARNING++++++This is a warning log.
2018-04-20 21:12:19,513=====ERROR++++++This is a error log.
2018-04-20 21:12:19,513=====CRITICAL++++++This is a critical log.
2018-04-20 21:12:19,513=====DEBUG++++++This is a debug log.
2018-04-20 21:12:19,513=====INFO++++++This is a info log.
2018-04-20 21:12:19,513=====WARNING++++++This is a warning log.
2018-04-20 21:12:19,513=====ERROR++++++This is a error log.
2018-04-20 21:12:19,514=====CRITICAL++++++This is a critical log.
2019-05-09 14:12:31,713=====DEBUG++++++This is a debug log.
2019-05-09 14:12:31,722=====INFO++++++This is a info log.
2019-05-09 14:12:31,723=====WARNING++++++This is a warning log.
2019-05-09 14:12:31,723=====ERROR++++++This is a error log.
2019-05-09 14:12:31,723=====CRITICAL++++++This is a critical log.
2019-05-09 14:12:31,723=====DEBUG++++++This is a debug log.
2019-05-09 14:12:31,723=====INFO++++++This is a info log.
2019-05-09 14:12:31,723=====WARNING++++++This is a warning log.
2019-05-09 14:12:31,723=====ERROR++++++This is a error log.
2019-05-09 14:12:31,723=====CRITICAL++++++This is a critical log.
2019-05-09 14:12:41,633=====DEBUG++++++This is a debug log.
2019-05-09 14:12:41,639=====INFO++++++This is a info log.
2019-05-09 14:12:41,639=====WARNING++++++This is a warning log.
2019-05-09 14:12:41,639=====ERROR++++++This is a error log.
2019-05-09 14:12:41,639=====CRITICAL++++++This is a critical log.
2019-05-09 14:12:41,639=====DEBUG++++++This is a debug log.
2019-05-09 14:12:41,643=====INFO++++++This is a info log.
2019-05-09 14:12:41,644=====WARNING++++++This is a warning log.
2019-05-09 14:12:41,644=====ERROR++++++This is a error log.
2019-05-09 14:12:41,649=====CRITICAL++++++This is a critical log.
